<?xml version="1.0" encoding="UTF-8"?>
<!-- Generated by org.testng.reporters.JUnitReportReporter -->
<testsuite hostname="EPINHYDW012A" failures="0" tests="8" name="TestAutomation.selenium.BDD.feature.TestLoginPage" time="26.597" errors="7" timestamp="2022-02-28T19:30:43 IST" skipped="0">
  <testcase classname="TestAutomation.selenium.BDD.feature.TestLoginPage" name="runScenario" time="0.009">
    <error message="Cannot invoke &quot;TestAutomation.selenium.BDD.PageObjectModel.NavigationMenu.logout()&quot; because &quot;this.menu&quot; is null" type="java.lang.NullPointerException">
      <![CDATA[java.lang.NullPointerException: Cannot invoke "TestAutomation.selenium.BDD.PageObjectModel.NavigationMenu.logout()" because "this.menu" is null
at StepDefinitions.SystemUserImpl.click_on_user_drop_down_menu_and_click_on_click_logout(SystemUserImpl.java:106)
at ✽.click on user drop down menu and click on click logout(file:///C:/Users/Hemanthkumar_Mangala/Test_Automation_Workspace/test_automation_training/BDD/src/main/resources/SystemUserPage.feature:36)
]]>
    </error>
  </testcase> <!-- runScenario -->
  <system-out/>
  <testcase classname="TestAutomation.selenium.BDD.feature.TestLoginPage" name="runScenario" time="0.943">
    <error message="TODO: implement me" type="io.cucumber.java.PendingException">
      <![CDATA[io.cucumber.java.PendingException: TODO: implement me
at StepDefinitions.SystemUserImpl.click_on_admin_button_and_click_on_user_management_button_and_click_on_users(SystemUserImpl.java:47)
at ✽.click on Admin button and click on user management button and click on users(file:///C:/Users/Hemanthkumar_Mangala/Test_Automation_Workspace/test_automation_training/BDD/src/main/resources/SystemUserPage.feature:12)
]]>
    </error>
  </testcase> <!-- runScenario -->
  <system-out/>
  <testcase classname="TestAutomation.selenium.BDD.feature.TestLoginPage" name="runScenario" time="0.019">
    <error message="Cannot invoke &quot;TestAutomation.selenium.BDD.PageObjectModel.SystemUsers.adminroleDropDownClick()&quot; because &quot;this.users&quot; is null" type="java.lang.NullPointerException">
      <![CDATA[java.lang.NullPointerException: Cannot invoke "TestAutomation.selenium.BDD.PageObjectModel.SystemUsers.adminroleDropDownClick()" because "this.users" is null
at StepDefinitions.SystemUserImpl.click_on_roles_dropdown(SystemUserImpl.java:75)
at ✽.click on roles dropdown(file:///C:/Users/Hemanthkumar_Mangala/Test_Automation_Workspace/test_automation_training/BDD/src/main/resources/SystemUserPage.feature:20)
]]>
    </error>
  </testcase> <!-- runScenario -->
  <system-out/>
  <testcase classname="TestAutomation.selenium.BDD.feature.TestLoginPage" name="runScenario" time="0.063">
    <error message="The step &#039;click on Amnada_user edit button&#039; is undefined.
You can implement this step using the snippet(s) below:

@When(&quot;click on Amnada_user edit button&quot;)
public void click_on_amnada_user_edit_button() {
    // Write code here that turns the phrase above into concrete actions
    throw new io.cucumber.java.PendingException();
}
" type="io.cucumber.testng.UndefinedStepException">
      <![CDATA[io.cucumber.testng.UndefinedStepException: The step 'click on Amnada_user edit button' is undefined.
You can implement this step using the snippet(s) below:

@When("click on Amnada_user edit button")
public void click_on_amnada_user_edit_button() {
    // Write code here that turns the phrase above into concrete actions
    throw new io.cucumber.java.PendingException();
}

at io.cucumber.core.runtime.TestCaseResultObserver.assertTestCasePassed(TestCaseResultObserver.java:69)
at io.cucumber.testng.TestCaseResultObserver.assertTestCasePassed(TestCaseResultObserver.java:23)
at io.cucumber.testng.TestNGCucumberRunner.lambda$runScenario$1(TestNGCucumberRunner.java:133)
at io.cucumber.core.runtime.CucumberExecutionContext.lambda$runTestCase$3(CucumberExecutionContext.java:151)
at io.cucumber.core.runtime.RethrowingThrowableCollector.executeAndThrow(RethrowingThrowableCollector.java:23)
at io.cucumber.core.runtime.CucumberExecutionContext.runTestCase(CucumberExecutionContext.java:151)
at io.cucumber.testng.TestNGCucumberRunner.runScenario(TestNGCucumberRunner.java:129)
at io.cucumber.testng.AbstractTestNGCucumberTests.runScenario(AbstractTestNGCucumberTests.java:35)
at java.base/jdk.internal.reflect.NativeMethodAccessorImpl.invoke0(Native Method)
at java.base/jdk.internal.reflect.NativeMethodAccessorImpl.invoke(NativeMethodAccessorImpl.java:77)
at java.base/jdk.internal.reflect.DelegatingMethodAccessorImpl.invoke(DelegatingMethodAccessorImpl.java:43)
at java.base/java.lang.reflect.Method.invoke(Method.java:568)
at org.testng.internal.invokers.MethodInvocationHelper.invokeMethod(MethodInvocationHelper.java:135)
at org.testng.internal.invokers.TestInvoker.invokeMethod(TestInvoker.java:673)
at org.testng.internal.invokers.TestInvoker.invokeTestMethod(TestInvoker.java:220)
at org.testng.internal.invokers.MethodRunner.runInSequence(MethodRunner.java:50)
at org.testng.internal.invokers.TestInvoker$MethodInvocationAgent.invoke(TestInvoker.java:945)
at org.testng.internal.invokers.TestInvoker.invokeTestMethods(TestInvoker.java:193)
at org.testng.internal.invokers.TestMethodWorker.invokeTestMethods(TestMethodWorker.java:146)
at org.testng.internal.invokers.TestMethodWorker.run(TestMethodWorker.java:128)
at java.base/java.util.ArrayList.forEach(ArrayList.java:1511)
at org.testng.TestRunner.privateRun(TestRunner.java:808)
at org.testng.TestRunner.run(TestRunner.java:603)
at org.testng.SuiteRunner.runTest(SuiteRunner.java:429)
at org.testng.SuiteRunner.runSequentially(SuiteRunner.java:423)
at org.testng.SuiteRunner.privateRun(SuiteRunner.java:383)
at org.testng.SuiteRunner.run(SuiteRunner.java:326)
at org.testng.SuiteRunnerWorker.runSuite(SuiteRunnerWorker.java:52)
at org.testng.SuiteRunnerWorker.run(SuiteRunnerWorker.java:95)
at org.testng.TestNG.runSuitesSequentially(TestNG.java:1249)
at org.testng.TestNG.runSuitesLocally(TestNG.java:1169)
at org.testng.TestNG.runSuites(TestNG.java:1092)
at org.testng.TestNG.run(TestNG.java:1060)
at org.testng.remote.AbstractRemoteTestNG.run(AbstractRemoteTestNG.java:115)
at org.testng.remote.RemoteTestNG.initAndRun(RemoteTestNG.java:251)
at org.testng.remote.RemoteTestNG.main(RemoteTestNG.java:77)
]]>
    </error>
  </testcase> <!-- runScenario -->
  <system-out/>
  <testcase classname="TestAutomation.selenium.BDD.feature.TestLoginPage" name="runScenario" time="0.009">
    <error message="Cannot invoke &quot;TestAutomation.selenium.BDD.PageObjectModel.SystemUsers.adminroleDropDownClick()&quot; because &quot;this.users&quot; is null" type="java.lang.NullPointerException">
      <![CDATA[java.lang.NullPointerException: Cannot invoke "TestAutomation.selenium.BDD.PageObjectModel.SystemUsers.adminroleDropDownClick()" because "this.users" is null
at StepDefinitions.SystemUserImpl.click_on_roles_dropdown(SystemUserImpl.java:75)
at ✽.click on roles dropdown(file:///C:/Users/Hemanthkumar_Mangala/Test_Automation_Workspace/test_automation_training/BDD/src/main/resources/SystemUserPage.feature:28)
]]>
    </error>
  </testcase> <!-- runScenario -->
  <system-out/>
  <testcase classname="TestAutomation.selenium.BDD.feature.TestLoginPage" name="runScenario" time="4.469"/>
  <system-out/>
  <testcase classname="TestAutomation.selenium.BDD.feature.TestLoginPage" name="runScenario" time="19.908">
    <error message="TODO: implement me" type="io.cucumber.java.PendingException">
      <![CDATA[io.cucumber.java.PendingException: TODO: implement me
at StepDefinitions.SystemUserImpl.click_on_amnada_user_edit_button(SystemUserImpl.java:63)
at ✽.click on Amnada user edit button(file:///C:/Users/Hemanthkumar_Mangala/Test_Automation_Workspace/test_automation_training/BDD/src/main/resources/SystemUserPage.feature:24)
]]>
    </error>
  </testcase> <!-- runScenario -->
  <system-out/>
  <testcase classname="TestAutomation.selenium.BDD.feature.TestLoginPage" name="runScenario" time="1.177">
    <error message="element click intercepted: Element &lt;td ng-repeat=&quot;TD in listData.extraTD&quot; class=&quot;edit_item tooltipped&quot; ng-click=&quot;list.runAction(TD.clickAction, obj)&quot; ng-if=&quot;TD.hideIf === undefined || TD.hideIf(obj)&quot; colspan=&quot;1&quot; data-tooltip=&quot;Edit&quot; data-delay=&quot;&quot; data-position=&quot;bottom&quot; data-tooltip-id=&quot;67e926a0-1194-dbbb-b65b-d10d8f982ce4&quot;&gt;...&lt;/td&gt; is not clickable at point (1023, 475). Other element would receive the click: &lt;div class=&quot;modal show&quot; tabindex=&quot;-1&quot; role=&quot;dialog&quot; style=&quot;padding-right: 0px; display: block;&quot; aria-modal=&quot;true&quot;&gt;...&lt;/div&gt;
  (Session info: chrome=98.0.4758.102)
Build info: version: &#039;4.1.2&#039;, revision: &#039;9a5a329c5a&#039;
System info: host: &#039;EPINHYDW012A&#039;, ip: &#039;192.168.29.144&#039;, os.name: &#039;Windows 10&#039;, os.arch: &#039;amd64&#039;, os.version: &#039;10.0&#039;, java.version: &#039;17.0.2&#039;
Driver info: org.openqa.selenium.chrome.ChromeDriver
Command: [731c7cff0c1de15f38f8886628ad1df5, clickElement {id=94d56b0e-6497-4b30-9360-b2703ee63428}]
Capabilities {acceptInsecureCerts: false, browserName: chrome, browserVersion: 98.0.4758.102, chrome: {chromedriverVersion: 98.0.4758.102 (273bf7ac8c90..., userDataDir: C:\Users\HEMANT~1\AppData\L...}, goog:chromeOptions: {debuggerAddress: localhost:61256}, javascriptEnabled: true, networkConnectionEnabled: false, pageLoadStrategy: normal, platform: WINDOWS, platformName: WINDOWS, proxy: Proxy(), se:cdp: ws://localhost:61256/devtoo..., se:cdpVersion: 98.0.4758.102, setWindowRect: true, strictFileInteractability: false, timeouts: {implicit: 0, pageLoad: 300000, script: 30000}, unhandledPromptBehavior: dismiss and notify, webauthn:extension:credBlob: true, webauthn:extension:largeBlob: true, webauthn:virtualAuthenticators: true}
Element: [[ChromeDriver: chrome on WINDOWS (731c7cff0c1de15f38f8886628ad1df5)] -&gt; xpath: //tr//td//span[contains(text(),&#039;Amanda&#039;)]/ancestor::td/following-sibling::td[@class=&quot;edit_item tooltipped&quot;]]
Session ID: 731c7cff0c1de15f38f8886628ad1df5" type="org.openqa.selenium.ElementClickInterceptedException">
      <![CDATA[org.openqa.selenium.ElementClickInterceptedException: element click intercepted: Element <td ng-repeat="TD in listData.extraTD" class="edit_item tooltipped" ng-click="list.runAction(TD.clickAction, obj)" ng-if="TD.hideIf === undefined || TD.hideIf(obj)" colspan="1" data-tooltip="Edit" data-delay="" data-position="bottom" data-tooltip-id="67e926a0-1194-dbbb-b65b-d10d8f982ce4">...</td> is not clickable at point (1023, 475). Other element would receive the click: <div class="modal show" tabindex="-1" role="dialog" style="padding-right: 0px; display: block;" aria-modal="true">...</div>
  (Session info: chrome=98.0.4758.102)
Build info: version: '4.1.2', revision: '9a5a329c5a'
System info: host: 'EPINHYDW012A', ip: '192.168.29.144', os.name: 'Windows 10', os.arch: 'amd64', os.version: '10.0', java.version: '17.0.2'
Driver info: org.openqa.selenium.chrome.ChromeDriver
Command: [731c7cff0c1de15f38f8886628ad1df5, clickElement {id=94d56b0e-6497-4b30-9360-b2703ee63428}]
Capabilities {acceptInsecureCerts: false, browserName: chrome, browserVersion: 98.0.4758.102, chrome: {chromedriverVersion: 98.0.4758.102 (273bf7ac8c90..., userDataDir: C:\Users\HEMANT~1\AppData\L...}, goog:chromeOptions: {debuggerAddress: localhost:61256}, javascriptEnabled: true, networkConnectionEnabled: false, pageLoadStrategy: normal, platform: WINDOWS, platformName: WINDOWS, proxy: Proxy(), se:cdp: ws://localhost:61256/devtoo..., se:cdpVersion: 98.0.4758.102, setWindowRect: true, strictFileInteractability: false, timeouts: {implicit: 0, pageLoad: 300000, script: 30000}, unhandledPromptBehavior: dismiss and notify, webauthn:extension:credBlob: true, webauthn:extension:largeBlob: true, webauthn:virtualAuthenticators: true}
Element: [[ChromeDriver: chrome on WINDOWS (731c7cff0c1de15f38f8886628ad1df5)] -> xpath: //tr//td//span[contains(text(),'Amanda')]/ancestor::td/following-sibling::td[@class="edit_item tooltipped"]]
Session ID: 731c7cff0c1de15f38f8886628ad1df5
at java.base/jdk.internal.reflect.NativeConstructorAccessorImpl.newInstance0(Native Method)
at java.base/jdk.internal.reflect.NativeConstructorAccessorImpl.newInstance(NativeConstructorAccessorImpl.java:77)
at java.base/jdk.internal.reflect.DelegatingConstructorAccessorImpl.newInstance(DelegatingConstructorAccessorImpl.java:45)
at java.base/java.lang.reflect.Constructor.newInstanceWithCaller(Constructor.java:499)
at java.base/java.lang.reflect.Constructor.newInstance(Constructor.java:480)
at org.openqa.selenium.remote.codec.w3c.W3CHttpResponseCodec.createException(W3CHttpResponseCodec.java:200)
at org.openqa.selenium.remote.codec.w3c.W3CHttpResponseCodec.decode(W3CHttpResponseCodec.java:133)
at org.openqa.selenium.remote.codec.w3c.W3CHttpResponseCodec.decode(W3CHttpResponseCodec.java:53)
at org.openqa.selenium.remote.HttpCommandExecutor.execute(HttpCommandExecutor.java:184)
at org.openqa.selenium.remote.service.DriverCommandExecutor.invokeExecute(DriverCommandExecutor.java:167)
at org.openqa.selenium.remote.service.DriverCommandExecutor.execute(DriverCommandExecutor.java:142)
at org.openqa.selenium.remote.RemoteWebDriver.execute(RemoteWebDriver.java:558)
at org.openqa.selenium.remote.RemoteWebElement.execute(RemoteWebElement.java:251)
at org.openqa.selenium.remote.RemoteWebElement.click(RemoteWebElement.java:77)
at TestAutomation.selenium.BDD.PageObjectModel.SystemUsers.amandaEditClick(SystemUsers.java:55)
at StepDefinitions.SystemUserImpl.click_on_amnada_user_edit_button(SystemUserImpl.java:62)
at ✽.click on Amnada user edit button(file:///C:/Users/Hemanthkumar_Mangala/Test_Automation_Workspace/test_automation_training/BDD/src/main/resources/SystemUserPage.feature:32)
]]>
    </error>
  </testcase> <!-- runScenario -->
  <system-out/>
</testsuite> <!-- TestAutomation.selenium.BDD.feature.TestLoginPage -->
