<?xml version="1.0" encoding="UTF-8"?>
<!-- Generated by org.testng.reporters.JUnitXMLReporter -->
<testsuite ignored="0" hostname="EPINHYDW012A" failures="0" tests="13" name="AddSpeaker" time="8.595" errors="0" timestamp="2022-03-14T18:55:25 IST">
  <testcase classname="TestAutomation.Selenium.TestClass.TestAddSpeaker" name="@BeforeTest setup" time="8.533">
    <failure type="org.openqa.selenium.WebDriverException" message="unknown error: net::ERR_NAME_NOT_RESOLVED
  (Session info: chrome=99.0.4844.51)
Build info: version: &amp;apos;4.1.2&amp;apos;, revision: &amp;apos;9a5a329c5a&amp;apos;
System info: host: &amp;apos;EPINHYDW012A&amp;apos;, ip: &amp;apos;192.168.43.144&amp;apos;, os.name: &amp;apos;Windows 10&amp;apos;, os.arch: &amp;apos;amd64&amp;apos;, os.version: &amp;apos;10.0&amp;apos;, java.version: &amp;apos;17.0.2&amp;apos;
Driver info: org.openqa.selenium.chrome.ChromeDriver
Command: [a8c660ffaf0ad2d0c4bd2c50eb5e421b, get {url=http://epinhydw0087/programs/#/}]
Capabilities {acceptInsecureCerts: false, browserName: chrome, browserVersion: 99.0.4844.51, chrome: {chromedriverVersion: 98.0.4758.102 (273bf7ac8c90..., userDataDir: C:\Users\HEMANT~1\AppData\L...}, goog:chromeOptions: {debuggerAddress: localhost:62135}, javascriptEnabled: true, networkConnectionEnabled: false, pageLoadStrategy: normal, platform: WINDOWS, platformName: WINDOWS, proxy: Proxy(), se:cdp: ws://localhost:62135/devtoo..., se:cdpVersion: 99.0.4844.51, setWindowRect: true, strictFileInteractability: false, timeouts: {implicit: 0, pageLoad: 300000, script: 30000}, unhandledPromptBehavior: dismiss and notify, webauthn:extension:credBlob: true, webauthn:extension:largeBlob: true, webauthn:virtualAuthenticators: true}
Session ID: a8c660ffaf0ad2d0c4bd2c50eb5e421b">
      <![CDATA[org.openqa.selenium.WebDriverException: unknown error: net::ERR_NAME_NOT_RESOLVED
  (Session info: chrome=99.0.4844.51)
Build info: version: '4.1.2', revision: '9a5a329c5a'
System info: host: 'EPINHYDW012A', ip: '192.168.43.144', os.name: 'Windows 10', os.arch: 'amd64', os.version: '10.0', java.version: '17.0.2'
Driver info: org.openqa.selenium.chrome.ChromeDriver
Command: [a8c660ffaf0ad2d0c4bd2c50eb5e421b, get {url=http://epinhydw0087/programs/#/}]
Capabilities {acceptInsecureCerts: false, browserName: chrome, browserVersion: 99.0.4844.51, chrome: {chromedriverVersion: 98.0.4758.102 (273bf7ac8c90..., userDataDir: C:\Users\HEMANT~1\AppData\L...}, goog:chromeOptions: {debuggerAddress: localhost:62135}, javascriptEnabled: true, networkConnectionEnabled: false, pageLoadStrategy: normal, platform: WINDOWS, platformName: WINDOWS, proxy: Proxy(), se:cdp: ws://localhost:62135/devtoo..., se:cdpVersion: 99.0.4844.51, setWindowRect: true, strictFileInteractability: false, timeouts: {implicit: 0, pageLoad: 300000, script: 30000}, unhandledPromptBehavior: dismiss and notify, webauthn:extension:credBlob: true, webauthn:extension:largeBlob: true, webauthn:virtualAuthenticators: true}
Session ID: a8c660ffaf0ad2d0c4bd2c50eb5e421b
at org.openqa.selenium.remote.codec.w3c.W3CHttpResponseCodec.createException(W3CHttpResponseCodec.java:200)
at org.openqa.selenium.remote.codec.w3c.W3CHttpResponseCodec.decode(W3CHttpResponseCodec.java:133)
at org.openqa.selenium.remote.codec.w3c.W3CHttpResponseCodec.decode(W3CHttpResponseCodec.java:53)
at org.openqa.selenium.remote.HttpCommandExecutor.execute(HttpCommandExecutor.java:184)
at org.openqa.selenium.remote.service.DriverCommandExecutor.invokeExecute(DriverCommandExecutor.java:167)
at org.openqa.selenium.remote.service.DriverCommandExecutor.execute(DriverCommandExecutor.java:142)
at org.openqa.selenium.remote.RemoteWebDriver.execute(RemoteWebDriver.java:558)
at org.openqa.selenium.remote.RemoteWebDriver.get(RemoteWebDriver.java:327)
at TestAutomation.Selenium.TestClass.TestAddSpeaker.setup(TestAddSpeaker.java:47)
... Removed 29 stack frames]]>
    </failure>
  </testcase> <!-- @BeforeTest setup -->
  <testcase classname="TestAutomation.Selenium.TestClass.TestAddSpeaker" name="verifyUserIsInSignInPageOrNot" time="0.001">
    <skipped/>
  </testcase> <!-- verifyUserIsInSignInPageOrNot -->
  <testcase classname="TestAutomation.Selenium.TestClass.TestAddSpeaker" name="testSignUpPage" time="0.0">
    <skipped/>
  </testcase> <!-- testSignUpPage -->
  <testcase classname="TestAutomation.Selenium.TestClass.TestAddSpeaker" name="testSignInPage" time="0.0">
    <skipped/>
  </testcase> <!-- testSignInPage -->
  <testcase classname="TestAutomation.Selenium.TestClass.TestAddSpeaker" name="testDashBoardPage" time="0.0">
    <skipped/>
  </testcase> <!-- testDashBoardPage -->
  <testcase classname="TestAutomation.Selenium.TestClass.TestAddSpeaker" name="testAddSpeakers" time="0.0">
    <skipped/>
  </testcase> <!-- testAddSpeakers -->
  <testcase classname="TestAutomation.Selenium.TestClass.TestAddSpeaker" name="testverifySpeakerAddedOrNot" time="0.0">
    <skipped/>
  </testcase> <!-- testverifySpeakerAddedOrNot -->
  <testcase classname="TestAutomation.Selenium.TestClass.TestAddSpeaker" name="testNameRequiredFieldError" time="0.0">
    <skipped/>
  </testcase> <!-- testNameRequiredFieldError -->
  <testcase classname="TestAutomation.Selenium.TestClass.TestAddSpeaker" name="testEmailRequiredFieldError" time="0.0">
    <skipped/>
  </testcase> <!-- testEmailRequiredFieldError -->
  <testcase classname="TestAutomation.Selenium.TestClass.TestAddSpeaker" name="testEmailformatError" time="0.0">
    <skipped/>
  </testcase> <!-- testEmailformatError -->
  <testcase classname="TestAutomation.Selenium.TestClass.TestAddSpeaker" name="testProfileRequiredField" time="0.0">
    <skipped/>
  </testcase> <!-- testProfileRequiredField -->
  <testcase classname="TestAutomation.Selenium.TestClass.TestAddSpeaker" name="testSaveButtonDisabled" time="0.0">
    <skipped/>
  </testcase> <!-- testSaveButtonDisabled -->
  <testcase classname="TestAutomation.Selenium.TestClass.TestAddSpeaker" name="testDisableUser" time="0.0">
    <skipped/>
  </testcase> <!-- testDisableUser -->
  <testcase classname="TestAutomation.Selenium.TestClass.TestAddSpeaker" name="testUserDisabled" time="0.0">
    <skipped/>
  </testcase> <!-- testUserDisabled -->
</testsuite> <!-- AddSpeaker -->
