<?xml version="1.0" encoding="UTF-8"?>
<!-- Generated by org.testng.reporters.JUnitReportReporter -->
<testsuite hostname="EPINHYDW012A" failures="0" tests="14" name="TestAutomation.Selenium.TestClass.TestAddSpeaker" time="8.534" errors="1" timestamp="2022-03-14T18:55:25 IST" skipped="13">
  <testcase classname="TestAutomation.Selenium.TestClass.TestAddSpeaker" name="setup" time="8.533">
    <error message="unknown error: net::ERR_NAME_NOT_RESOLVED
  (Session info: chrome=99.0.4844.51)
Build info: version: &#039;4.1.2&#039;, revision: &#039;9a5a329c5a&#039;
System info: host: &#039;EPINHYDW012A&#039;, ip: &#039;192.168.43.144&#039;, os.name: &#039;Windows 10&#039;, os.arch: &#039;amd64&#039;, os.version: &#039;10.0&#039;, java.version: &#039;17.0.2&#039;
Driver info: org.openqa.selenium.chrome.ChromeDriver
Command: [a8c660ffaf0ad2d0c4bd2c50eb5e421b, get {url=http://epinhydw0087/programs/#/}]
Capabilities {acceptInsecureCerts: false, browserName: chrome, browserVersion: 99.0.4844.51, chrome: {chromedriverVersion: 98.0.4758.102 (273bf7ac8c90..., userDataDir: C:\Users\HEMANT~1\AppData\L...}, goog:chromeOptions: {debuggerAddress: localhost:62135}, javascriptEnabled: true, networkConnectionEnabled: false, pageLoadStrategy: normal, platform: WINDOWS, platformName: WINDOWS, proxy: Proxy(), se:cdp: ws://localhost:62135/devtoo..., se:cdpVersion: 99.0.4844.51, setWindowRect: true, strictFileInteractability: false, timeouts: {implicit: 0, pageLoad: 300000, script: 30000}, unhandledPromptBehavior: dismiss and notify, webauthn:extension:credBlob: true, webauthn:extension:largeBlob: true, webauthn:virtualAuthenticators: true}
Session ID: a8c660ffaf0ad2d0c4bd2c50eb5e421b" type="org.openqa.selenium.WebDriverException">
      <![CDATA[org.openqa.selenium.WebDriverException: unknown error: net::ERR_NAME_NOT_RESOLVED
  (Session info: chrome=99.0.4844.51)
Build info: version: '4.1.2', revision: '9a5a329c5a'
System info: host: 'EPINHYDW012A', ip: '192.168.43.144', os.name: 'Windows 10', os.arch: 'amd64', os.version: '10.0', java.version: '17.0.2'
Driver info: org.openqa.selenium.chrome.ChromeDriver
Command: [a8c660ffaf0ad2d0c4bd2c50eb5e421b, get {url=http://epinhydw0087/programs/#/}]
Capabilities {acceptInsecureCerts: false, browserName: chrome, browserVersion: 99.0.4844.51, chrome: {chromedriverVersion: 98.0.4758.102 (273bf7ac8c90..., userDataDir: C:\Users\HEMANT~1\AppData\L...}, goog:chromeOptions: {debuggerAddress: localhost:62135}, javascriptEnabled: true, networkConnectionEnabled: false, pageLoadStrategy: normal, platform: WINDOWS, platformName: WINDOWS, proxy: Proxy(), se:cdp: ws://localhost:62135/devtoo..., se:cdpVersion: 99.0.4844.51, setWindowRect: true, strictFileInteractability: false, timeouts: {implicit: 0, pageLoad: 300000, script: 30000}, unhandledPromptBehavior: dismiss and notify, webauthn:extension:credBlob: true, webauthn:extension:largeBlob: true, webauthn:virtualAuthenticators: true}
Session ID: a8c660ffaf0ad2d0c4bd2c50eb5e421b
at java.base/jdk.internal.reflect.NativeConstructorAccessorImpl.newInstance0(Native Method)
at java.base/jdk.internal.reflect.NativeConstructorAccessorImpl.newInstance(NativeConstructorAccessorImpl.java:77)
at java.base/jdk.internal.reflect.DelegatingConstructorAccessorImpl.newInstance(DelegatingConstructorAccessorImpl.java:45)
at java.base/java.lang.reflect.Constructor.newInstanceWithCaller(Constructor.java:499)
at java.base/java.lang.reflect.Constructor.newInstance(Constructor.java:480)
at org.openqa.selenium.remote.codec.w3c.W3CHttpResponseCodec.createException(W3CHttpResponseCodec.java:200)
at org.openqa.selenium.remote.codec.w3c.W3CHttpResponseCodec.decode(W3CHttpResponseCodec.java:133)
at org.openqa.selenium.remote.codec.w3c.W3CHttpResponseCodec.decode(W3CHttpResponseCodec.java:53)
at org.openqa.selenium.remote.HttpCommandExecutor.execute(HttpCommandExecutor.java:184)
at org.openqa.selenium.remote.service.DriverCommandExecutor.invokeExecute(DriverCommandExecutor.java:167)
at org.openqa.selenium.remote.service.DriverCommandExecutor.execute(DriverCommandExecutor.java:142)
at org.openqa.selenium.remote.RemoteWebDriver.execute(RemoteWebDriver.java:558)
at org.openqa.selenium.remote.RemoteWebDriver.get(RemoteWebDriver.java:327)
at TestAutomation.Selenium.TestClass.TestAddSpeaker.setup(TestAddSpeaker.java:47)
at java.base/jdk.internal.reflect.NativeMethodAccessorImpl.invoke0(Native Method)
at java.base/jdk.internal.reflect.NativeMethodAccessorImpl.invoke(NativeMethodAccessorImpl.java:77)
at java.base/jdk.internal.reflect.DelegatingMethodAccessorImpl.invoke(DelegatingMethodAccessorImpl.java:43)
at java.base/java.lang.reflect.Method.invoke(Method.java:568)
at org.testng.internal.invokers.MethodInvocationHelper.invokeMethod(MethodInvocationHelper.java:135)
at org.testng.internal.invokers.MethodInvocationHelper.invokeMethodConsideringTimeout(MethodInvocationHelper.java:65)
at org.testng.internal.invokers.ConfigInvoker.invokeConfigurationMethod(ConfigInvoker.java:381)
at org.testng.internal.invokers.ConfigInvoker.invokeConfigurations(ConfigInvoker.java:319)
at org.testng.TestRunner.invokeTestConfigurations(TestRunner.java:645)
at org.testng.TestRunner.beforeRun(TestRunner.java:634)
at org.testng.TestRunner.run(TestRunner.java:596)
at org.testng.SuiteRunner.runTest(SuiteRunner.java:429)
at org.testng.SuiteRunner.runSequentially(SuiteRunner.java:423)
at org.testng.SuiteRunner.privateRun(SuiteRunner.java:383)
at org.testng.SuiteRunner.run(SuiteRunner.java:326)
at org.testng.SuiteRunnerWorker.runSuite(SuiteRunnerWorker.java:52)
at org.testng.SuiteRunnerWorker.run(SuiteRunnerWorker.java:95)
at org.testng.TestNG.runSuitesSequentially(TestNG.java:1249)
at org.testng.TestNG.runSuitesLocally(TestNG.java:1169)
at org.testng.TestNG.runSuites(TestNG.java:1092)
at org.testng.TestNG.run(TestNG.java:1060)
at org.testng.remote.AbstractRemoteTestNG.run(AbstractRemoteTestNG.java:115)
at org.testng.remote.RemoteTestNG.initAndRun(RemoteTestNG.java:251)
at org.testng.remote.RemoteTestNG.main(RemoteTestNG.java:77)
]]>
    </error>
  </testcase> <!-- setup -->
  <system-out/>
  <testcase classname="TestAutomation.Selenium.TestClass.TestAddSpeaker" name="verifyUserIsInSignInPageOrNot" time="0.001">
    <skipped/>
  </testcase> <!-- verifyUserIsInSignInPageOrNot -->
  <system-out/>
  <testcase classname="TestAutomation.Selenium.TestClass.TestAddSpeaker" name="testSignUpPage" time="0.000">
    <skipped/>
  </testcase> <!-- testSignUpPage -->
  <system-out/>
  <testcase classname="TestAutomation.Selenium.TestClass.TestAddSpeaker" name="testSignInPage" time="0.000">
    <skipped/>
  </testcase> <!-- testSignInPage -->
  <system-out/>
  <testcase classname="TestAutomation.Selenium.TestClass.TestAddSpeaker" name="testDashBoardPage" time="0.000">
    <skipped/>
  </testcase> <!-- testDashBoardPage -->
  <system-out/>
  <testcase classname="TestAutomation.Selenium.TestClass.TestAddSpeaker" name="testAddSpeakers" time="0.000">
    <skipped/>
  </testcase> <!-- testAddSpeakers -->
  <system-out/>
  <testcase classname="TestAutomation.Selenium.TestClass.TestAddSpeaker" name="testverifySpeakerAddedOrNot" time="0.000">
    <skipped/>
  </testcase> <!-- testverifySpeakerAddedOrNot -->
  <system-out/>
  <testcase classname="TestAutomation.Selenium.TestClass.TestAddSpeaker" name="testNameRequiredFieldError" time="0.000">
    <skipped/>
  </testcase> <!-- testNameRequiredFieldError -->
  <system-out/>
  <testcase classname="TestAutomation.Selenium.TestClass.TestAddSpeaker" name="testEmailRequiredFieldError" time="0.000">
    <skipped/>
  </testcase> <!-- testEmailRequiredFieldError -->
  <system-out/>
  <testcase classname="TestAutomation.Selenium.TestClass.TestAddSpeaker" name="testEmailformatError" time="0.000">
    <skipped/>
  </testcase> <!-- testEmailformatError -->
  <system-out/>
  <testcase classname="TestAutomation.Selenium.TestClass.TestAddSpeaker" name="testProfileRequiredField" time="0.000">
    <skipped/>
  </testcase> <!-- testProfileRequiredField -->
  <system-out/>
  <testcase classname="TestAutomation.Selenium.TestClass.TestAddSpeaker" name="testSaveButtonDisabled" time="0.000">
    <skipped/>
  </testcase> <!-- testSaveButtonDisabled -->
  <system-out/>
  <testcase classname="TestAutomation.Selenium.TestClass.TestAddSpeaker" name="testDisableUser" time="0.000">
    <skipped/>
  </testcase> <!-- testDisableUser -->
  <system-out/>
  <testcase classname="TestAutomation.Selenium.TestClass.TestAddSpeaker" name="testUserDisabled" time="0.000">
    <skipped/>
  </testcase> <!-- testUserDisabled -->
  <system-out/>
</testsuite> <!-- TestAutomation.Selenium.TestClass.TestAddSpeaker -->
